<?xml version="1.0" encoding="UTF-8"?>
<!-- Generated by org.testng.reporters.JUnitXMLReporter -->
<testsuite ignored="0" hostname="LAPTOP-MNDPAOFE" failures="0" tests="5" name="Default test" time="46.727" errors="0" timestamp="2022-05-26T17:53:16 IST">
  <testcase classname="com.SauceDemo.TESTClasses.TC01_LoginPageFunctionality" name="loginFunctionality" time="0.216"/>
  <testcase classname="com.SauceDemo.TESTClasses.TC01_LoginPageFunctionality" name="homepagefuctionality" time="16.221"/>
  <testcase classname="com.SauceDemo.TESTClasses.TC01_LoginPageFunctionality" name="singleproduct" time="0.336"/>
  <testcase classname="com.SauceDemo.TESTClasses.TC01_LoginPageFunctionality" name="Addallproduct" time="5.535"/>
  <testcase classname="com.SauceDemo.TESTClasses.TC01_LoginPageFunctionality" name="logoutFunctionality" time="0.276"/>
</testsuite> <!-- Default test -->
