<?xml version="1.0" encoding="UTF-8"?>
<!-- Generated by org.testng.reporters.JUnitXMLReporter -->
<testsuite ignored="4" hostname="LAPTOP-MNDPAOFE" failures="0" tests="5" name="Test" time="21.788" errors="0" timestamp="2022-05-27T00:55:07 IST">
  <testcase classname="com.SauceDemo.TESTClasses.TC01_LoginPageFunctionality" name="loginFunctionality" time="0.27"/>
  <testcase classname="com.SauceDemo.TESTClasses.TC02_SingleProductAddtoCart" name="singleproduct" time="0.308"/>
  <testcase classname="com.SauceDemo.TESTClasses.TC04_LogoutFunctionality" name="logoutFunctionality" time="0.193"/>
  <testcase classname="com.SauceDemo.TESTClasses.TC03_MultipleProductAddtoCart" name="Addallproduct" time="5.435"/>
  <testcase classname="com.SauceDemo.TESTClasses.TC02_HomePageTestClass" name="homepagefuctionality" time="2.862"/>
  <testcase classname="com.SauceDemo.TESTClasses.TC01_LoginPageFunctionality" name="Addallproduct" time="0.0">
    <ignored/>
  </testcase> <!-- Addallproduct -->
  <testcase classname="com.SauceDemo.TESTClasses.TC01_LoginPageFunctionality" name="homepagefuctionality" time="0.0">
    <ignored/>
  </testcase> <!-- homepagefuctionality -->
  <testcase classname="com.SauceDemo.TESTClasses.TC01_LoginPageFunctionality" name="logoutFunctionality" time="0.0">
    <ignored/>
  </testcase> <!-- logoutFunctionality -->
  <testcase classname="com.SauceDemo.TESTClasses.TC01_LoginPageFunctionality" name="singleproduct" time="0.0">
    <ignored/>
  </testcase> <!-- singleproduct -->
</testsuite> <!-- Test -->
